0 info it worked if it ends with ok
1 verbose cli [ '/usr/local/Cellar/node/6.2.1/bin/node',
1 verbose cli   '/usr/local/bin/npm',
1 verbose cli   'install',
1 verbose cli   'Etherpad-P2P-Plugin/ep_p2p' ]
2 info using npm@3.9.3
3 info using node@v6.2.1
4 silly loadCurrentTree Starting
5 silly install loadCurrentTree
6 silly install readLocalPackageData
7 silly fetchPackageMetaData Etherpad-P2P-Plugin/ep_p2p
8 silly fetchOtherPackageData Etherpad-P2P-Plugin/ep_p2p
9 silly cache add args [ 'Etherpad-P2P-Plugin/ep_p2p', null ]
10 verbose cache add spec Etherpad-P2P-Plugin/ep_p2p
11 silly cache add parsed spec Result {
11 silly cache add   raw: 'Etherpad-P2P-Plugin/ep_p2p',
11 silly cache add   scope: null,
11 silly cache add   name: null,
11 silly cache add   rawSpec: 'Etherpad-P2P-Plugin/ep_p2p',
11 silly cache add   spec: 'github:etherpad-p2p-plugin/ep_p2p',
11 silly cache add   type: 'hosted',
11 silly cache add   hosted:
11 silly cache add    { type: 'github',
11 silly cache add      ssh: 'git@github.com:etherpad-p2p-plugin/ep_p2p.git',
11 silly cache add      sshUrl: 'git+ssh://git@github.com/etherpad-p2p-plugin/ep_p2p.git',
11 silly cache add      httpsUrl: 'git+https://github.com/etherpad-p2p-plugin/ep_p2p.git',
11 silly cache add      gitUrl: 'git://github.com/etherpad-p2p-plugin/ep_p2p.git',
11 silly cache add      shortcut: 'github:etherpad-p2p-plugin/ep_p2p',
11 silly cache add      directUrl: 'https://raw.githubusercontent.com/etherpad-p2p-plugin/ep_p2p/master/package.json' } }
12 verbose addRemoteGit caching Etherpad-P2P-Plugin/ep_p2p
13 verbose addRemoteGit etherpad-p2p-plugin/ep_p2p is a repository hosted by github
14 silly tryGitProto attempting to clone git://github.com/etherpad-p2p-plugin/ep_p2p.git
15 silly tryClone cloning etherpad-p2p-plugin/ep_p2p via git://github.com/etherpad-p2p-plugin/ep_p2p.git
16 verbose tryClone git-github-com-etherpad-p2p-plugin-ep-p2p-git-8c91cd3f not in flight; caching
17 verbose correctMkdir /Users/aditi/.npm/_git-remotes correctMkdir not in flight; initializing
18 verbose makeDirectory /Users/aditi/.npm/_git-remotes creation not in flight; initializing
19 silly makeDirectory /Users/aditi/.npm/_git-remotes uid: 501 gid: 20
20 info git [ 'clone',
20 info git   '--template=/Users/aditi/.npm/_git-remotes/_templates',
20 info git   '--mirror',
20 info git   'git://github.com/etherpad-p2p-plugin/ep_p2p.git',
20 info git   '/Users/aditi/.npm/_git-remotes/git-github-com-etherpad-p2p-plugin-ep-p2p-git-8c91cd3f' ]
21 verbose git clone --template=/Users/aditi/.npm/_git-remotes/_templates --mirror git://github.com/etherpad-p2p-plugin/ep_p2p.git /Users/aditi/.npm/_git-remotes/git-github-com-etherpad-p2p-plugin-ep-p2p-git-8c91cd3f: Cloning into bare repository '/Users/aditi/.npm/_git-remotes/git-github-com-etherpad-p2p-plugin-ep-p2p-git-8c91cd3f'...
21 verbose git clone --template=/Users/aditi/.npm/_git-remotes/_templates --mirror git://github.com/etherpad-p2p-plugin/ep_p2p.git /Users/aditi/.npm/_git-remotes/git-github-com-etherpad-p2p-plugin-ep-p2p-git-8c91cd3f: fatal: remote error:
21 verbose git clone --template=/Users/aditi/.npm/_git-remotes/_templates --mirror git://github.com/etherpad-p2p-plugin/ep_p2p.git /Users/aditi/.npm/_git-remotes/git-github-com-etherpad-p2p-plugin-ep-p2p-git-8c91cd3f:   Repository not found.
22 silly tryHTTPS attempting to clone git+https://github.com/etherpad-p2p-plugin/ep_p2p.git
23 silly tryClone cloning etherpad-p2p-plugin/ep_p2p via git+https://github.com/etherpad-p2p-plugin/ep_p2p.git
24 verbose tryClone git-https-github-com-etherpad-p2p-plugin-ep-p2p-git-d8cac781 not in flight; caching
25 verbose correctMkdir /Users/aditi/.npm/_git-remotes correctMkdir not in flight; initializing
26 info git [ 'clone',
26 info git   '--template=/Users/aditi/.npm/_git-remotes/_templates',
26 info git   '--mirror',
26 info git   'https://github.com/etherpad-p2p-plugin/ep_p2p.git',
26 info git   '/Users/aditi/.npm/_git-remotes/git-https-github-com-etherpad-p2p-plugin-ep-p2p-git-d8cac781' ]
27 verbose git clone --template=/Users/aditi/.npm/_git-remotes/_templates --mirror https://github.com/etherpad-p2p-plugin/ep_p2p.git /Users/aditi/.npm/_git-remotes/git-https-github-com-etherpad-p2p-plugin-ep-p2p-git-d8cac781: Cloning into bare repository '/Users/aditi/.npm/_git-remotes/git-https-github-com-etherpad-p2p-plugin-ep-p2p-git-d8cac781'...
27 verbose git clone --template=/Users/aditi/.npm/_git-remotes/_templates --mirror https://github.com/etherpad-p2p-plugin/ep_p2p.git /Users/aditi/.npm/_git-remotes/git-https-github-com-etherpad-p2p-plugin-ep-p2p-git-d8cac781: remote: Repository not found.
27 verbose git clone --template=/Users/aditi/.npm/_git-remotes/_templates --mirror https://github.com/etherpad-p2p-plugin/ep_p2p.git /Users/aditi/.npm/_git-remotes/git-https-github-com-etherpad-p2p-plugin-ep-p2p-git-d8cac781: fatal: repository 'https://github.com/etherpad-p2p-plugin/ep_p2p.git/' not found
28 silly trySSH attempting to clone git@github.com:etherpad-p2p-plugin/ep_p2p.git
29 silly tryClone cloning etherpad-p2p-plugin/ep_p2p via git@github.com:etherpad-p2p-plugin/ep_p2p.git
30 verbose tryClone git-github-com-etherpad-p2p-plugin-ep-p2p-git-264297a8 not in flight; caching
31 verbose correctMkdir /Users/aditi/.npm/_git-remotes correctMkdir not in flight; initializing
32 info git [ 'clone',
32 info git   '--template=/Users/aditi/.npm/_git-remotes/_templates',
32 info git   '--mirror',
32 info git   'git@github.com:etherpad-p2p-plugin/ep_p2p.git',
32 info git   '/Users/aditi/.npm/_git-remotes/git-github-com-etherpad-p2p-plugin-ep-p2p-git-264297a8' ]
33 error git clone --template=/Users/aditi/.npm/_git-remotes/_templates --mirror git@github.com:etherpad-p2p-plugin/ep_p2p.git /Users/aditi/.npm/_git-remotes/git-github-com-etherpad-p2p-plugin-ep-p2p-git-264297a8: Cloning into bare repository '/Users/aditi/.npm/_git-remotes/git-github-com-etherpad-p2p-plugin-ep-p2p-git-264297a8'...
33 error git clone --template=/Users/aditi/.npm/_git-remotes/_templates --mirror git@github.com:etherpad-p2p-plugin/ep_p2p.git /Users/aditi/.npm/_git-remotes/git-github-com-etherpad-p2p-plugin-ep-p2p-git-264297a8: ERROR: Repository not found.
33 error git clone --template=/Users/aditi/.npm/_git-remotes/_templates --mirror git@github.com:etherpad-p2p-plugin/ep_p2p.git /Users/aditi/.npm/_git-remotes/git-github-com-etherpad-p2p-plugin-ep-p2p-git-264297a8: fatal: Could not read from remote repository.
33 error git clone --template=/Users/aditi/.npm/_git-remotes/_templates --mirror git@github.com:etherpad-p2p-plugin/ep_p2p.git /Users/aditi/.npm/_git-remotes/git-github-com-etherpad-p2p-plugin-ep-p2p-git-264297a8:
33 error git clone --template=/Users/aditi/.npm/_git-remotes/_templates --mirror git@github.com:etherpad-p2p-plugin/ep_p2p.git /Users/aditi/.npm/_git-remotes/git-github-com-etherpad-p2p-plugin-ep-p2p-git-264297a8: Please make sure you have the correct access rights
33 error git clone --template=/Users/aditi/.npm/_git-remotes/_templates --mirror git@github.com:etherpad-p2p-plugin/ep_p2p.git /Users/aditi/.npm/_git-remotes/git-github-com-etherpad-p2p-plugin-ep-p2p-git-264297a8: and the repository exists.
34 silly fetchPackageMetaData Error: Command failed: git clone --template=/Users/aditi/.npm/_git-remotes/_templates --mirror git@github.com:etherpad-p2p-plugin/ep_p2p.git /Users/aditi/.npm/_git-remotes/git-github-com-etherpad-p2p-plugin-ep-p2p-git-264297a8
34 silly fetchPackageMetaData Cloning into bare repository '/Users/aditi/.npm/_git-remotes/git-github-com-etherpad-p2p-plugin-ep-p2p-git-264297a8'...
34 silly fetchPackageMetaData ERROR: Repository not found.
34 silly fetchPackageMetaData fatal: Could not read from remote repository.
34 silly fetchPackageMetaData
34 silly fetchPackageMetaData Please make sure you have the correct access rights
34 silly fetchPackageMetaData and the repository exists.
34 silly fetchPackageMetaData
34 silly fetchPackageMetaData     at ChildProcess.exithandler (child_process.js:207:12)
34 silly fetchPackageMetaData     at emitTwo (events.js:106:13)
34 silly fetchPackageMetaData     at ChildProcess.emit (events.js:191:7)
34 silly fetchPackageMetaData     at maybeClose (internal/child_process.js:852:16)
34 silly fetchPackageMetaData     at Process.ChildProcess._handle.onexit (internal/child_process.js:215:5)
34 silly fetchPackageMetaData  error for Etherpad-P2P-Plugin/ep_p2p { Error: Command failed: git clone --template=/Users/aditi/.npm/_git-remotes/_templates --mirror git@github.com:etherpad-p2p-plugin/ep_p2p.git /Users/aditi/.npm/_git-remotes/git-github-com-etherpad-p2p-plugin-ep-p2p-git-264297a8
34 silly fetchPackageMetaData Cloning into bare repository '/Users/aditi/.npm/_git-remotes/git-github-com-etherpad-p2p-plugin-ep-p2p-git-264297a8'...
34 silly fetchPackageMetaData ERROR: Repository not found.
34 silly fetchPackageMetaData fatal: Could not read from remote repository.
34 silly fetchPackageMetaData
34 silly fetchPackageMetaData Please make sure you have the correct access rights
34 silly fetchPackageMetaData and the repository exists.
34 silly fetchPackageMetaData
34 silly fetchPackageMetaData     at ChildProcess.exithandler (child_process.js:207:12)
34 silly fetchPackageMetaData     at emitTwo (events.js:106:13)
34 silly fetchPackageMetaData     at ChildProcess.emit (events.js:191:7)
34 silly fetchPackageMetaData     at maybeClose (internal/child_process.js:852:16)
34 silly fetchPackageMetaData     at Process.ChildProcess._handle.onexit (internal/child_process.js:215:5)
34 silly fetchPackageMetaData   killed: false,
34 silly fetchPackageMetaData   code: 128,
34 silly fetchPackageMetaData   signal: null,
34 silly fetchPackageMetaData   cmd: 'git clone --template=/Users/aditi/.npm/_git-remotes/_templates --mirror git@github.com:etherpad-p2p-plugin/ep_p2p.git /Users/aditi/.npm/_git-remotes/git-github-com-etherpad-p2p-plugin-ep-p2p-git-264297a8' }
35 silly rollbackFailedOptional Starting
36 silly rollbackFailedOptional Finishing
37 silly runTopLevelLifecycles Starting
38 silly runTopLevelLifecycles Finishing
39 silly install printInstalled
40 verbose stack Error: Command failed: git clone --template=/Users/aditi/.npm/_git-remotes/_templates --mirror git@github.com:etherpad-p2p-plugin/ep_p2p.git /Users/aditi/.npm/_git-remotes/git-github-com-etherpad-p2p-plugin-ep-p2p-git-264297a8
40 verbose stack Cloning into bare repository '/Users/aditi/.npm/_git-remotes/git-github-com-etherpad-p2p-plugin-ep-p2p-git-264297a8'...
40 verbose stack ERROR: Repository not found.
40 verbose stack fatal: Could not read from remote repository.
40 verbose stack
40 verbose stack Please make sure you have the correct access rights
40 verbose stack and the repository exists.
40 verbose stack
40 verbose stack     at ChildProcess.exithandler (child_process.js:207:12)
40 verbose stack     at emitTwo (events.js:106:13)
40 verbose stack     at ChildProcess.emit (events.js:191:7)
40 verbose stack     at maybeClose (internal/child_process.js:852:16)
40 verbose stack     at Process.ChildProcess._handle.onexit (internal/child_process.js:215:5)
41 verbose cwd /Users/aditi/Etherpad-P2P-Plugin/ep_p2p
42 error Darwin 15.5.0
43 error argv "/usr/local/Cellar/node/6.2.1/bin/node" "/usr/local/bin/npm" "install" "Etherpad-P2P-Plugin/ep_p2p"
44 error node v6.2.1
45 error npm  v3.9.3
46 error code 128
47 error Command failed: git clone --template=/Users/aditi/.npm/_git-remotes/_templates --mirror git@github.com:etherpad-p2p-plugin/ep_p2p.git /Users/aditi/.npm/_git-remotes/git-github-com-etherpad-p2p-plugin-ep-p2p-git-264297a8
47 error Cloning into bare repository '/Users/aditi/.npm/_git-remotes/git-github-com-etherpad-p2p-plugin-ep-p2p-git-264297a8'...
47 error ERROR: Repository not found.
47 error fatal: Could not read from remote repository.
47 error
47 error Please make sure you have the correct access rights
47 error and the repository exists.
48 error If you need help, you may report this error at:
48 error     <https://github.com/npm/npm/issues>
49 verbose exit [ 1, true ]
